[11:21:49] [main/INFO]: Using mbed TLS based native cipher.
[11:21:49] [main/INFO]: Using zlib based native compressor.
[11:21:49] [main/INFO]: Enabled Waterfall version git:Waterfall-Bootstrap:1.19-R0.1-SNAPSHOT:f6069e2:513
[11:21:50] [main/INFO]: Not on Windows, attempting to use enhanced EpollEventLoop
[11:21:50] [main/INFO]: Epoll is working, utilising it!
[11:21:50] [main/INFO]: Discovered module: ModuleSpec(name=cmd_alert, file=modules/cmd_alert.jar, provider=JenkinsModuleSource())
[11:21:50] [main/INFO]: Discovered module: ModuleSpec(name=cmd_find, file=modules/cmd_find.jar, provider=JenkinsModuleSource())
[11:21:50] [main/INFO]: Discovered module: ModuleSpec(name=cmd_list, file=modules/cmd_list.jar, provider=JenkinsModuleSource())
[11:21:50] [main/INFO]: Discovered module: ModuleSpec(name=cmd_send, file=modules/cmd_send.jar, provider=JenkinsModuleSource())
[11:21:50] [main/INFO]: Discovered module: ModuleSpec(name=cmd_server, file=modules/cmd_server.jar, provider=JenkinsModuleSource())
[11:21:50] [main/INFO]: Discovered module: ModuleSpec(name=reconnect_yaml, file=modules/reconnect_yaml.jar, provider=JenkinsModuleSource())
[11:21:50] [main/INFO]: Loaded plugin reconnect_yaml version git:reconnect_yaml:1.19-R0.1-SNAPSHOT:f6069e2:513 by WaterfallMC
[11:21:50] [main/INFO]: Loaded plugin cmd_find version git:cmd_find:1.19-R0.1-SNAPSHOT:f6069e2:513 by WaterfallMC
[11:21:50] [main/INFO]: Loaded plugin cmd_server version git:cmd_server:1.19-R0.1-SNAPSHOT:f6069e2:513 by WaterfallMC
[11:21:50] [main/INFO]: Loaded plugin cmd_alert version git:cmd_alert:1.19-R0.1-SNAPSHOT:f6069e2:513 by WaterfallMC
[11:21:51] [main/INFO]: Loaded plugin cmd_send version git:cmd_send:1.19-R0.1-SNAPSHOT:f6069e2:513 by WaterfallMC
[11:21:51] [main/INFO]: Loaded plugin cmd_list version git:cmd_list:1.19-R0.1-SNAPSHOT:f6069e2:513 by WaterfallMC
[11:21:51] [main/WARN]: :>:>:>:>:>:>:>:>:>:>:>:>:>:>:>:>:>:>:>:>:>:>:>
[11:21:51] [main/WARN]: :>  
[11:21:51] [main/WARN]: :>      EAGLERCRAFTXBUNGEE WARNING:
[11:21:51] [main/WARN]: :>  
[11:21:51] [main/WARN]: :>  This plugin wasn't tested to be 'working'
[11:21:51] [main/WARN]: :>  with ANY version of BungeeCord (and forks)
[11:21:51] [main/WARN]: :>  apart from the versions listed below:
[11:21:51] [main/WARN]: :>  
[11:21:51] [main/WARN]: :>  - BungeeCord: 1.20-R0.2-SNAPSHOT:231024b:1777
[11:21:51] [main/WARN]: :>  - Waterfall: 1.20-R0.2-SNAPSHOT:d85fe36:556
[11:21:51] [main/WARN]: :>  - FlameCord: 1.1.1
[11:21:51] [main/WARN]: :>  
[11:21:51] [main/WARN]: :>  This is not a Bukkit/Spigot plugin!
[11:21:51] [main/WARN]: :>  
[11:21:51] [main/WARN]: :>  Use "-Deaglerxbungee.stfu=true" to hide
[11:21:51] [main/WARN]: :>  
[11:21:51] [main/WARN]: :>:>:>:>:>:>:>:>:>:>:>:>:>:>:>:>:>:>:>:>:>:>:>
[11:21:51] [main/INFO] [EaglercraftXBungee]: Loading vanilla profile: lax1dude
[11:21:54] [Skin Download Thread #1/INFO] [EaglercraftXBungee]: Loaded vanilla profile: lax1dude
[11:21:54] [main/INFO]: Loaded plugin EaglercraftXBungee version 1.0.9 by lax1dude
[11:21:54] [main/WARN]: Forced host server pvp is not defined
[11:21:54] [main/INFO]: Enabled plugin reconnect_yaml version git:reconnect_yaml:1.19-R0.1-SNAPSHOT:f6069e2:513 by WaterfallMC
[11:21:54] [main/INFO]: Enabled plugin cmd_find version git:cmd_find:1.19-R0.1-SNAPSHOT:f6069e2:513 by WaterfallMC
[11:21:54] [main/INFO]: Enabled plugin cmd_server version git:cmd_server:1.19-R0.1-SNAPSHOT:f6069e2:513 by WaterfallMC
[11:21:54] [main/INFO]: Enabled plugin cmd_alert version git:cmd_alert:1.19-R0.1-SNAPSHOT:f6069e2:513 by WaterfallMC
[11:21:54] [main/INFO]: Enabled plugin cmd_send version git:cmd_send:1.19-R0.1-SNAPSHOT:f6069e2:513 by WaterfallMC
[11:21:54] [main/INFO]: Enabled plugin cmd_list version git:cmd_list:1.19-R0.1-SNAPSHOT:f6069e2:513 by WaterfallMC
[11:21:54] [main/ERROR] [EaglercraftXBungee]: Online mode is set to false! Authentication system has been disabled
[11:21:54] [Netty Worker IO Thread #0/INFO] [EaglercraftXBungee]: Eaglercraft is listening on: /0.0.0.0:8081
[11:21:55] [main/INFO] [EaglercraftXBungee]: Connected to database: jdbc:sqlite:eaglercraft_skins_cache.db
[11:21:55] [main/INFO]: Enabled plugin EaglercraftXBungee version 1.0.9 by lax1dude
[11:21:55] [Netty Boss IO Thread #0/INFO]: Listening on /127.0.0.1:25577
[11:22:06] [Netty Worker IO Thread #1/INFO] [EaglercraftXBungee]: [/[0:0:0:0:0:0:0:1%0]:49922]: Connected via websocket
[11:22:06] [Netty Worker IO Thread #1/INFO] [EaglercraftXBungee]: [/[0:0:0:0:0:0:0:1%0]:49922]: Origin header is https://localhost:8081
[11:22:07] [Netty Worker IO Thread #1/INFO] [EaglercraftXBungee]: [/[0:0:0:0:0:0:0:1%0]:49922]: Logged in as 'Kami'
[11:22:07] [Netty Worker IO Thread #1/INFO]: [/[0:0:0:0:0:0:0:1%0]:49922|Kami] -> UpstreamBridge has connected
[11:22:07] [Netty Worker IO Thread #1/INFO]: [Kami|/[0:0:0:0:0:0:0:1%0]:49922] <-> ServerConnector [lobby] has connected
[11:22:34] [Netty Worker IO Thread #3/WARN] [EaglercraftXBungee]: Server icon is not a file: /workspaces/Astral/bungee/server-icon.png
[11:22:34] [Netty Worker IO Thread #2/INFO] [EaglercraftXBungee]: [/[0:0:0:0:0:0:0:1%0]:59252]: Connected via websocket
[11:22:34] [Netty Worker IO Thread #2/INFO] [EaglercraftXBungee]: [/[0:0:0:0:0:0:0:1%0]:59252]: Origin header is https://localhost:8081
[11:22:34] [Netty Worker IO Thread #2/INFO] [EaglercraftXBungee]: [/[0:0:0:0:0:0:0:1%0]:59252]: Logged in as 'SkibidiMotherFuc'
[11:22:34] [Netty Worker IO Thread #2/INFO]: [/[0:0:0:0:0:0:0:1%0]:59252|SkibidiMotherFuc] -> UpstreamBridge has connected
[11:22:34] [Netty Worker IO Thread #2/INFO]: [SkibidiMotherFuc|/[0:0:0:0:0:0:0:1%0]:59252] <-> ServerConnector [lobby] has connected
[11:27:06] [Netty Worker IO Thread #3/INFO] [EaglercraftXBungee]: [/[0:0:0:0:0:0:0:1%0]:58884]: Connected via websocket
[11:27:06] [Netty Worker IO Thread #3/INFO] [EaglercraftXBungee]: [/[0:0:0:0:0:0:0:1%0]:58884]: Origin header is https://localhost:8081
[11:27:06] [Netty Worker IO Thread #3/INFO] [EaglercraftXBungee]: [/[0:0:0:0:0:0:0:1%0]:58884]: Logged in as 'Arthurtheidk'
[11:27:06] [Netty Worker IO Thread #3/INFO]: [/[0:0:0:0:0:0:0:1%0]:58884|Arthurtheidk] -> UpstreamBridge has connected
[11:27:06] [Netty Worker IO Thread #3/INFO]: [Arthurtheidk|/[0:0:0:0:0:0:0:1%0]:58884] <-> ServerConnector [lobby] has connected
[11:29:18] [Netty Worker IO Thread #0/INFO] [EaglercraftXBungee]: [/[0:0:0:0:0:0:0:1%0]:49634]: Connected via websocket
[11:29:18] [Netty Worker IO Thread #0/INFO] [EaglercraftXBungee]: [/[0:0:0:0:0:0:0:1%0]:49634]: Origin header is https://localhost:8081
[11:29:18] [Netty Worker IO Thread #0/INFO] [EaglercraftXBungee]: [/[0:0:0:0:0:0:0:1%0]:49634]: Logged in as 'MivDiv'
[11:29:18] [Netty Worker IO Thread #0/INFO]: [/[0:0:0:0:0:0:0:1%0]:49634|MivDiv] -> UpstreamBridge has connected
[11:29:18] [Netty Worker IO Thread #0/INFO]: [MivDiv|/[0:0:0:0:0:0:0:1%0]:49634] <-> ServerConnector [lobby] has connected
[11:29:22] [Netty Worker IO Thread #1/INFO] [EaglercraftXBungee]: [/[0:0:0:0:0:0:0:1%0]:54028]: Connected via websocket
[11:29:22] [Netty Worker IO Thread #1/INFO] [EaglercraftXBungee]: [/[0:0:0:0:0:0:0:1%0]:54028]: Origin header is https://localhost:8081
[11:29:23] [Netty Worker IO Thread #1/INFO] [EaglercraftXBungee]: [/[0:0:0:0:0:0:0:1%0]:54028]: Logged in as 'Berkelium'
[11:29:23] [Netty Worker IO Thread #1/INFO]: [/[0:0:0:0:0:0:0:1%0]:54028|Berkelium] -> UpstreamBridge has connected
[11:29:23] [Netty Worker IO Thread #1/INFO]: [Berkelium|/[0:0:0:0:0:0:0:1%0]:54028] <-> ServerConnector [lobby] has connected
[11:31:19] [Netty Worker IO Thread #2/INFO]: [/[0:0:0:0:0:0:0:1%0]:59252|SkibidiMotherFuc] -> UpstreamBridge has disconnected
[11:31:19] [Netty Worker IO Thread #2/INFO]: [SkibidiMotherFuc] disconnected with: Proxy lost connection to server.
[11:31:19] [Netty Worker IO Thread #2/INFO]: [/[0:0:0:0:0:0:0:1%0]:59252|SkibidiMotherFuc] <-> DownstreamBridge <-> [lobby] has disconnected
[11:33:18] [Netty Worker IO Thread #3/INFO] [EaglercraftXBungee]: [/[0:0:0:0:0:0:0:1%0]:56834]: Connected via websocket
[11:33:18] [Netty Worker IO Thread #3/INFO] [EaglercraftXBungee]: [/[0:0:0:0:0:0:0:1%0]:56834]: Origin header is https://localhost:8081
[11:33:19] [Netty Worker IO Thread #3/INFO] [EaglercraftXBungee]: [/[0:0:0:0:0:0:0:1%0]:56834]: Logged in as 'tigbitties'
[11:33:19] [Netty Worker IO Thread #3/INFO]: [/[0:0:0:0:0:0:0:1%0]:56834|tigbitties] -> UpstreamBridge has connected
[11:33:19] [Netty Worker IO Thread #3/INFO]: [tigbitties|/[0:0:0:0:0:0:0:1%0]:56834] <-> ServerConnector [lobby] has connected
[11:33:20] [Netty Worker IO Thread #0/INFO] [EaglercraftXBungee]: [/[0:0:0:0:0:0:0:1%0]:59418]: Connected via websocket
[11:33:20] [Netty Worker IO Thread #0/INFO] [EaglercraftXBungee]: [/[0:0:0:0:0:0:0:1%0]:59418]: Origin header is https://localhost:8081
[11:33:20] [Netty Worker IO Thread #0/INFO] [EaglercraftXBungee]: [/[0:0:0:0:0:0:0:1%0]:59418]: Logged in as 'Electro'
[11:33:20] [Netty Worker IO Thread #0/INFO]: [/[0:0:0:0:0:0:0:1%0]:59418|Electro] -> UpstreamBridge has connected
[11:33:20] [Netty Worker IO Thread #0/INFO]: [Electro|/[0:0:0:0:0:0:0:1%0]:59418] <-> ServerConnector [lobby] has connected
[11:33:30] [Netty Worker IO Thread #1/INFO]: [/[0:0:0:0:0:0:0:1%0]:49922|Kami] -> UpstreamBridge has disconnected
[11:33:30] [Netty Worker IO Thread #1/INFO]: [Kami] disconnected with: Proxy lost connection to server.
[11:33:30] [Netty Worker IO Thread #1/INFO]: [/[0:0:0:0:0:0:0:1%0]:49922|Kami] <-> DownstreamBridge <-> [lobby] has disconnected
[11:33:33] [Netty Worker IO Thread #2/INFO] [EaglercraftXBungee]: [/[0:0:0:0:0:0:0:1%0]:44124]: Connected via websocket
[11:33:33] [Netty Worker IO Thread #2/INFO] [EaglercraftXBungee]: [/[0:0:0:0:0:0:0:1%0]:44124]: Origin header is https://localhost:8081
[11:33:33] [Netty Worker IO Thread #2/INFO] [EaglercraftXBungee]: [/[0:0:0:0:0:0:0:1%0]:44124]: Logged in as 'Monkey_Kid'
[11:33:33] [Netty Worker IO Thread #2/INFO]: [/[0:0:0:0:0:0:0:1%0]:44124|Monkey_Kid] -> UpstreamBridge has connected
[11:33:33] [Netty Worker IO Thread #2/INFO]: [Monkey_Kid|/[0:0:0:0:0:0:0:1%0]:44124] <-> ServerConnector [lobby] has connected
[11:33:58] [Netty Worker IO Thread #2/INFO]: [/[0:0:0:0:0:0:0:1%0]:44124|Monkey_Kid] -> UpstreamBridge has disconnected
[11:33:58] [Netty Worker IO Thread #2/INFO]: [Monkey_Kid] disconnected with: Proxy lost connection to server.
[11:33:58] [Netty Worker IO Thread #2/INFO]: [/[0:0:0:0:0:0:0:1%0]:44124|Monkey_Kid] <-> DownstreamBridge <-> [lobby] has disconnected
[11:34:01] [Netty Worker IO Thread #3/INFO]: [/[0:0:0:0:0:0:0:1%0]:56834|tigbitties] -> UpstreamBridge has disconnected
[11:34:01] [Netty Worker IO Thread #3/INFO]: [tigbitties] disconnected with: Proxy lost connection to server.
[11:34:01] [Netty Worker IO Thread #3/INFO]: [/[0:0:0:0:0:0:0:1%0]:56834|tigbitties] <-> DownstreamBridge <-> [lobby] has disconnected
[11:34:11] [Netty Worker IO Thread #0/INFO] [EaglercraftXBungee]: [/[0:0:0:0:0:0:0:1%0]:35446]: Connected via websocket
[11:34:11] [Netty Worker IO Thread #0/INFO] [EaglercraftXBungee]: [/[0:0:0:0:0:0:0:1%0]:35446]: Origin header is https://localhost:8081
[11:34:11] [Netty Worker IO Thread #0/INFO] [EaglercraftXBungee]: [/[0:0:0:0:0:0:0:1%0]:35446]: Logged in as 'SkibidiMotherFuc'
[11:34:11] [Netty Worker IO Thread #0/INFO]: [/[0:0:0:0:0:0:0:1%0]:35446|SkibidiMotherFuc] -> UpstreamBridge has connected
[11:34:11] [Netty Worker IO Thread #0/INFO]: [SkibidiMotherFuc|/[0:0:0:0:0:0:0:1%0]:35446] <-> ServerConnector [lobby] has connected
[11:35:38] [Netty Worker IO Thread #1/INFO] [EaglercraftXBungee]: [/[0:0:0:0:0:0:0:1%0]:49204]: Connected via websocket
[11:35:38] [Netty Worker IO Thread #1/INFO] [EaglercraftXBungee]: [/[0:0:0:0:0:0:0:1%0]:49204]: Origin header is https://localhost:8081
[11:35:38] [Netty Worker IO Thread #1/INFO] [EaglercraftXBungee]: [/[0:0:0:0:0:0:0:1%0]:49204]: Logged in as 'Hiii'
[11:35:38] [Netty Worker IO Thread #1/INFO]: [/[0:0:0:0:0:0:0:1%0]:49204|Hiii] -> UpstreamBridge has connected
[11:35:38] [Netty Worker IO Thread #1/INFO]: [Hiii|/[0:0:0:0:0:0:0:1%0]:49204] <-> ServerConnector [lobby] has connected
[11:36:32] [Netty Worker IO Thread #0/INFO]: [/[0:0:0:0:0:0:0:1%0]:59418|Electro] -> UpstreamBridge has disconnected
[11:36:32] [Netty Worker IO Thread #0/INFO]: [Electro] disconnected with: Proxy lost connection to server.
[11:36:32] [Netty Worker IO Thread #0/INFO]: [/[0:0:0:0:0:0:0:1%0]:59418|Electro] <-> DownstreamBridge <-> [lobby] has disconnected
[11:40:03] [Netty Worker IO Thread #2/INFO] [EaglercraftXBungee]: [/[0:0:0:0:0:0:0:1%0]:51322]: Connected via websocket
[11:40:03] [Netty Worker IO Thread #2/INFO] [EaglercraftXBungee]: [/[0:0:0:0:0:0:0:1%0]:51322]: Origin header is https://ueclauncher.xyz
[11:40:03] [Netty Worker IO Thread #2/INFO] [EaglercraftXBungee]: [/[0:0:0:0:0:0:0:1%0]:51322]: Logged in as 'DaFrog'
[11:40:03] [Netty Worker IO Thread #2/INFO]: [/[0:0:0:0:0:0:0:1%0]:51322|DaFrog] -> UpstreamBridge has connected
[11:40:03] [Netty Worker IO Thread #2/INFO]: [DaFrog|/[0:0:0:0:0:0:0:1%0]:51322] <-> ServerConnector [lobby] has connected
[11:40:50] [Netty Worker IO Thread #2/INFO]: [/[0:0:0:0:0:0:0:1%0]:51322|DaFrog] -> UpstreamBridge has disconnected
[11:40:50] [Netty Worker IO Thread #2/INFO]: [DaFrog] disconnected with: Proxy lost connection to server.
[11:40:50] [Netty Worker IO Thread #2/INFO]: [/[0:0:0:0:0:0:0:1%0]:51322|DaFrog] <-> DownstreamBridge <-> [lobby] has disconnected
[11:41:22] [Netty Worker IO Thread #1/INFO]: [/[0:0:0:0:0:0:0:1%0]:54028|Berkelium] -> UpstreamBridge has disconnected
[11:41:22] [Netty Worker IO Thread #1/INFO]: [Berkelium] disconnected with: Proxy lost connection to server.
[11:41:22] [Netty Worker IO Thread #1/INFO]: [/[0:0:0:0:0:0:0:1%0]:54028|Berkelium] <-> DownstreamBridge <-> [lobby] has disconnected
[11:41:31] [Netty Worker IO Thread #0/INFO]: [/[0:0:0:0:0:0:0:1%0]:35446|SkibidiMotherFuc] -> UpstreamBridge has disconnected
[11:41:31] [Netty Worker IO Thread #0/INFO]: [SkibidiMotherFuc] disconnected with: Proxy lost connection to server.
[11:41:31] [Netty Worker IO Thread #0/INFO]: [/[0:0:0:0:0:0:0:1%0]:35446|SkibidiMotherFuc] <-> DownstreamBridge <-> [lobby] has disconnected
[11:43:54] [Netty Worker IO Thread #0/INFO] [EaglercraftXBungee]: [/[0:0:0:0:0:0:0:1%0]:59702]: Connected via websocket
[11:43:54] [Netty Worker IO Thread #0/INFO] [EaglercraftXBungee]: [/[0:0:0:0:0:0:0:1%0]:59702]: Origin header is https://localhost:8081
[11:43:54] [Netty Worker IO Thread #0/INFO] [EaglercraftXBungee]: [/[0:0:0:0:0:0:0:1%0]:59702]: Logged in as 'Nur'
[11:43:54] [Netty Worker IO Thread #0/INFO]: [/[0:0:0:0:0:0:0:1%0]:59702|Nur] -> UpstreamBridge has connected
[11:43:54] [Netty Worker IO Thread #0/INFO]: [Nur|/[0:0:0:0:0:0:0:1%0]:59702] <-> ServerConnector [lobby] has connected
[11:45:39] [Netty Worker IO Thread #2/INFO] [EaglercraftXBungee]: [/[0:0:0:0:0:0:0:1%0]:60032]: Connected via websocket
[11:45:39] [Netty Worker IO Thread #2/INFO] [EaglercraftXBungee]: [/[0:0:0:0:0:0:0:1%0]:60032]: Origin header is https://localhost:8081
[11:45:39] [Netty Worker IO Thread #2/INFO] [EaglercraftXBungee]: [/[0:0:0:0:0:0:0:1%0]:60032]: Logged in as 'SkibidiMotherFuc'
[11:45:39] [Netty Worker IO Thread #2/INFO]: [/[0:0:0:0:0:0:0:1%0]:60032|SkibidiMotherFuc] -> UpstreamBridge has connected
[11:45:39] [Netty Worker IO Thread #2/INFO]: [SkibidiMotherFuc|/[0:0:0:0:0:0:0:1%0]:60032] <-> ServerConnector [lobby] has connected
[11:46:12] [Netty Worker IO Thread #1/INFO]: [/[0:0:0:0:0:0:0:1%0]:49204|Hiii] -> UpstreamBridge has disconnected
[11:46:12] [Netty Worker IO Thread #1/INFO]: [Hiii] disconnected with: Proxy lost connection to server.
[11:46:12] [Netty Worker IO Thread #1/INFO]: [/[0:0:0:0:0:0:0:1%0]:49204|Hiii] <-> DownstreamBridge <-> [lobby] has disconnected
[11:49:01] [Netty Worker IO Thread #0/INFO] [EaglercraftXBungee]: [/[0:0:0:0:0:0:0:1%0]:37358]: Connected via websocket
[11:49:01] [Netty Worker IO Thread #0/INFO] [EaglercraftXBungee]: [/[0:0:0:0:0:0:0:1%0]:37358]: Origin header is https://localhost:8081
[11:49:01] [Netty Worker IO Thread #0/INFO] [EaglercraftXBungee]: [/[0:0:0:0:0:0:0:1%0]:37358]: Logged in as 'Kami'
[11:49:01] [Netty Worker IO Thread #0/INFO]: [/[0:0:0:0:0:0:0:1%0]:37358|Kami] -> UpstreamBridge has connected
[11:49:01] [Netty Worker IO Thread #0/INFO]: [Kami|/[0:0:0:0:0:0:0:1%0]:37358] <-> ServerConnector [lobby] has connected
[11:50:19] [Netty Worker IO Thread #3/INFO] [EaglercraftXBungee]: [/[0:0:0:0:0:0:0:1%0]:44538]: Connected via websocket
[11:50:19] [Netty Worker IO Thread #3/INFO] [EaglercraftXBungee]: [/[0:0:0:0:0:0:0:1%0]:44538]: Origin header is https://localhost:8081
[11:50:19] [Netty Worker IO Thread #3/INFO] [EaglercraftXBungee]: [/[0:0:0:0:0:0:0:1%0]:44538]: Logged in as 'Electro'
[11:50:19] [Netty Worker IO Thread #3/INFO]: [/[0:0:0:0:0:0:0:1%0]:44538|Electro] -> UpstreamBridge has connected
[11:50:19] [Netty Worker IO Thread #3/INFO]: [Electro|/[0:0:0:0:0:0:0:1%0]:44538] <-> ServerConnector [lobby] has connected
[11:50:25] [Netty Worker IO Thread #3/INFO]: [/[0:0:0:0:0:0:0:1%0]:44538|Electro] -> UpstreamBridge has disconnected
[11:50:25] [Netty Worker IO Thread #3/INFO]: [Electro] disconnected with: Proxy lost connection to server.
[11:50:25] [Netty Worker IO Thread #3/INFO]: [/[0:0:0:0:0:0:0:1%0]:44538|Electro] <-> DownstreamBridge <-> [lobby] has disconnected
[11:50:40] [Netty Worker IO Thread #0/INFO]: [/[0:0:0:0:0:0:0:1%0]:37358|Kami] -> UpstreamBridge has disconnected
[11:50:40] [Netty Worker IO Thread #0/INFO]: [Kami] disconnected with: Proxy lost connection to server.
[11:50:40] [Netty Worker IO Thread #0/INFO]: [/[0:0:0:0:0:0:0:1%0]:37358|Kami] <-> DownstreamBridge <-> [lobby] has disconnected
[11:50:41] [Netty Worker IO Thread #0/INFO]: [/[0:0:0:0:0:0:0:1%0]:59702|Nur] -> UpstreamBridge has disconnected
[11:50:41] [Netty Worker IO Thread #0/INFO]: [Nur] disconnected with: Proxy lost connection to server.
[11:50:41] [Netty Worker IO Thread #0/INFO]: [/[0:0:0:0:0:0:0:1%0]:59702|Nur] <-> DownstreamBridge <-> [lobby] has disconnected
[11:52:26] [Netty Worker IO Thread #0/INFO] [EaglercraftXBungee]: [/[0:0:0:0:0:0:0:1%0]:40504]: Connected via websocket
[11:52:26] [Netty Worker IO Thread #0/INFO] [EaglercraftXBungee]: [/[0:0:0:0:0:0:0:1%0]:40504]: Origin header is https://localhost:8081
[11:52:26] [Netty Worker IO Thread #0/INFO] [EaglercraftXBungee]: [/[0:0:0:0:0:0:0:1%0]:40504]: Logged in as 'TurndUp4Wat'
[11:52:26] [Netty Worker IO Thread #0/INFO]: [/[0:0:0:0:0:0:0:1%0]:40504|TurndUp4Wat] -> UpstreamBridge has connected
[11:52:26] [Netty Worker IO Thread #0/INFO]: [TurndUp4Wat|/[0:0:0:0:0:0:0:1%0]:40504] <-> ServerConnector [lobby] has connected
[11:53:05] [Netty Worker IO Thread #3/INFO] [EaglercraftXBungee]: [/[0:0:0:0:0:0:0:1%0]:54830]: Connected via websocket
[11:53:05] [Netty Worker IO Thread #3/INFO] [EaglercraftXBungee]: [/[0:0:0:0:0:0:0:1%0]:54830]: Origin header is https://localhost:8081
[11:53:05] [Netty Worker IO Thread #3/INFO] [EaglercraftXBungee]: [/[0:0:0:0:0:0:0:1%0]:54830]: Logged in as 'Berkelium'
[11:53:05] [Netty Worker IO Thread #3/INFO]: [/[0:0:0:0:0:0:0:1%0]:54830|Berkelium] -> UpstreamBridge has connected
[11:53:05] [Netty Worker IO Thread #3/INFO]: [Berkelium|/[0:0:0:0:0:0:0:1%0]:54830] <-> ServerConnector [lobby] has connected
[11:53:07] [Netty Worker IO Thread #0/INFO]: [/[0:0:0:0:0:0:0:1%0]:49634|MivDiv] -> UpstreamBridge has disconnected
[11:53:07] [Netty Worker IO Thread #0/INFO]: [MivDiv] disconnected with: Proxy lost connection to server.
[11:53:07] [Netty Worker IO Thread #0/INFO]: [/[0:0:0:0:0:0:0:1%0]:49634|MivDiv] <-> DownstreamBridge <-> [lobby] has disconnected
[12:01:10] [Netty Worker IO Thread #1/INFO] [EaglercraftXBungee]: [/[0:0:0:0:0:0:0:1%0]:33632]: Connected via websocket
[12:01:10] [Netty Worker IO Thread #1/INFO] [EaglercraftXBungee]: [/[0:0:0:0:0:0:0:1%0]:33632]: Origin header is https://localhost:8081
[12:01:10] [Netty Worker IO Thread #1/INFO] [EaglercraftXBungee]: [/[0:0:0:0:0:0:0:1%0]:33632]: Logged in as 'Warden243'
[12:01:10] [Netty Worker IO Thread #1/INFO]: [/[0:0:0:0:0:0:0:1%0]:33632|Warden243] -> UpstreamBridge has connected
[12:01:10] [Netty Worker IO Thread #1/INFO]: [Warden243|/[0:0:0:0:0:0:0:1%0]:33632] <-> ServerConnector [lobby] has connected
[12:02:17] [Netty Worker IO Thread #2/INFO] [EaglercraftXBungee]: [/[0:0:0:0:0:0:0:1%0]:33342]: Connected via websocket
[12:02:17] [Netty Worker IO Thread #2/INFO] [EaglercraftXBungee]: [/[0:0:0:0:0:0:0:1%0]:33342]: Origin header is https://localhost:8081
[12:02:17] [Netty Worker IO Thread #2/INFO] [EaglercraftXBungee]: [/[0:0:0:0:0:0:0:1%0]:33342]: Logged in as 'tigbitties'
[12:02:17] [Netty Worker IO Thread #2/INFO]: [/[0:0:0:0:0:0:0:1%0]:33342|tigbitties] -> UpstreamBridge has connected
[12:02:17] [Netty Worker IO Thread #2/INFO]: [tigbitties|/[0:0:0:0:0:0:0:1%0]:33342] <-> ServerConnector [lobby] has connected
[12:03:25] [Netty Worker IO Thread #1/INFO] [EaglercraftXBungee]: [/[0:0:0:0:0:0:0:1%0]:50874]: Connected via websocket
[12:03:25] [Netty Worker IO Thread #1/INFO] [EaglercraftXBungee]: [/[0:0:0:0:0:0:0:1%0]:50874]: Origin header is https://client.pretend.pw
[12:03:25] [Netty Worker IO Thread #1/INFO] [EaglercraftXBungee]: [/[0:0:0:0:0:0:0:1%0]:50874]: Logged in as 'Charles24'
[12:03:25] [Netty Worker IO Thread #1/INFO]: [/[0:0:0:0:0:0:0:1%0]:50874|Charles24] -> UpstreamBridge has connected
[12:03:25] [Netty Worker IO Thread #1/INFO]: [Charles24|/[0:0:0:0:0:0:0:1%0]:50874] <-> ServerConnector [lobby] has connected
[12:03:27] [Netty Worker IO Thread #2/INFO] [EaglercraftXBungee]: [/[0:0:0:0:0:0:0:1%0]:50886]: Connected via websocket
[12:03:27] [Netty Worker IO Thread #2/INFO] [EaglercraftXBungee]: [/[0:0:0:0:0:0:0:1%0]:50886]: Origin header is https://localhost:8081
[12:03:28] [Netty Worker IO Thread #2/INFO] [EaglercraftXBungee]: [/[0:0:0:0:0:0:0:1%0]:50886]: Logged in as 'Monkey_Kid'
[12:03:28] [Netty Worker IO Thread #2/INFO]: [/[0:0:0:0:0:0:0:1%0]:50886|Monkey_Kid] -> UpstreamBridge has connected
[12:03:28] [Netty Worker IO Thread #2/INFO]: [Monkey_Kid|/[0:0:0:0:0:0:0:1%0]:50886] <-> ServerConnector [lobby] has connected
[12:04:43] [Netty Worker IO Thread #2/INFO] [EaglercraftXBungee]: [/[0:0:0:0:0:0:0:1%0]:54126]: Connected via websocket
[12:04:43] [Netty Worker IO Thread #2/INFO] [EaglercraftXBungee]: [/[0:0:0:0:0:0:0:1%0]:54126]: Origin header is https://localhost:8081
[12:04:43] [Netty Worker IO Thread #2/INFO] [EaglercraftXBungee]: [/[0:0:0:0:0:0:0:1%0]:54126]: Logged in as '8000'
[12:04:43] [Netty Worker IO Thread #2/INFO]: [/[0:0:0:0:0:0:0:1%0]:54126|8000] -> UpstreamBridge has connected
[12:04:43] [Netty Worker IO Thread #2/INFO]: [8000|/[0:0:0:0:0:0:0:1%0]:54126] <-> ServerConnector [lobby] has connected
[12:05:24] [Netty Worker IO Thread #1/INFO]: [/[0:0:0:0:0:0:0:1%0]:50874|Charles24] -> UpstreamBridge has disconnected
[12:05:24] [Netty Worker IO Thread #1/INFO]: [Charles24] disconnected with: Proxy lost connection to server.
[12:05:24] [Netty Worker IO Thread #1/INFO]: [/[0:0:0:0:0:0:0:1%0]:50874|Charles24] <-> DownstreamBridge <-> [lobby] has disconnected
[12:05:28] [Netty Worker IO Thread #0/INFO] [EaglercraftXBungee]: [/[0:0:0:0:0:0:0:1%0]:40290]: Connected via websocket
[12:05:28] [Netty Worker IO Thread #0/INFO] [EaglercraftXBungee]: [/[0:0:0:0:0:0:0:1%0]:40290]: Origin header is https://client.pretend.pw
[12:05:28] [Netty Worker IO Thread #0/INFO] [EaglercraftXBungee]: [/[0:0:0:0:0:0:0:1%0]:40290]: Logged in as 'Charles24'
[12:05:28] [Netty Worker IO Thread #0/INFO]: [/[0:0:0:0:0:0:0:1%0]:40290|Charles24] -> UpstreamBridge has connected
[12:05:28] [Netty Worker IO Thread #0/INFO]: [Charles24|/[0:0:0:0:0:0:0:1%0]:40290] <-> ServerConnector [lobby] has connected
[12:06:49] [Netty Worker IO Thread #2/INFO] [EaglercraftXBungee]: [/[0:0:0:0:0:0:0:1%0]:42962]: Connected via websocket
[12:06:49] [Netty Worker IO Thread #2/INFO] [EaglercraftXBungee]: [/[0:0:0:0:0:0:0:1%0]:42962]: Origin header is https://localhost:8081
[12:06:49] [Netty Worker IO Thread #2/INFO] [EaglercraftXBungee]: [/[0:0:0:0:0:0:0:1%0]:42962]: Logged in as 'MivDiv'
[12:06:49] [Netty Worker IO Thread #2/INFO]: [/[0:0:0:0:0:0:0:1%0]:42962|MivDiv] -> UpstreamBridge has connected
[12:06:49] [Netty Worker IO Thread #2/INFO]: [MivDiv|/[0:0:0:0:0:0:0:1%0]:42962] <-> ServerConnector [lobby] has connected
[12:07:29] [Netty Worker IO Thread #0/INFO] [EaglercraftXBungee]: [/[0:0:0:0:0:0:0:1%0]:56038]: Connected via websocket
[12:07:29] [Netty Worker IO Thread #0/INFO] [EaglercraftXBungee]: [/[0:0:0:0:0:0:0:1%0]:56038]: Origin header is https://localhost:8081
[12:07:29] [Netty Worker IO Thread #0/INFO] [EaglercraftXBungee]: [/[0:0:0:0:0:0:0:1%0]:56038]: Logged in as 'Nur'
[12:07:29] [Netty Worker IO Thread #0/INFO]: [/[0:0:0:0:0:0:0:1%0]:56038|Nur] -> UpstreamBridge has connected
[12:07:29] [Netty Worker IO Thread #0/INFO]: [Nur|/[0:0:0:0:0:0:0:1%0]:56038] <-> ServerConnector [lobby] has connected
[12:07:39] [Netty Worker IO Thread #1/INFO] [EaglercraftXBungee]: [/[0:0:0:0:0:0:0:1%0]:51286]: Connected via websocket
[12:07:39] [Netty Worker IO Thread #1/INFO] [EaglercraftXBungee]: [/[0:0:0:0:0:0:0:1%0]:51286]: Origin header is https://localhost:8081
[12:07:39] [Netty Worker IO Thread #1/INFO] [EaglercraftXBungee]: [/[0:0:0:0:0:0:0:1%0]:51286]: Logged in as 'yiggnigger'
[12:07:39] [Netty Worker IO Thread #1/INFO]: [/[0:0:0:0:0:0:0:1%0]:51286|yiggnigger] -> UpstreamBridge has connected
[12:07:39] [Netty Worker IO Thread #1/INFO]: [yiggnigger|/[0:0:0:0:0:0:0:1%0]:51286] <-> ServerConnector [lobby] has connected
[12:11:57] [Netty Worker IO Thread #1/INFO]: [/[0:0:0:0:0:0:0:1%0]:51286|yiggnigger] -> UpstreamBridge has disconnected
[12:11:57] [Netty Worker IO Thread #1/INFO]: [yiggnigger] disconnected with: Proxy lost connection to server.
[12:11:57] [Netty Worker IO Thread #1/INFO]: [/[0:0:0:0:0:0:0:1%0]:51286|yiggnigger] <-> DownstreamBridge <-> [lobby] has disconnected
[12:12:05] [Netty Worker IO Thread #1/INFO]: [/[0:0:0:0:0:0:0:1%0]:33632|Warden243] -> UpstreamBridge has disconnected
[12:12:05] [Netty Worker IO Thread #1/INFO]: [Warden243] disconnected with: Proxy lost connection to server.
[12:12:05] [Netty Worker IO Thread #1/INFO]: [/[0:0:0:0:0:0:0:1%0]:33632|Warden243] <-> DownstreamBridge <-> [lobby] has disconnected
[12:14:19] [Netty Worker IO Thread #0/INFO]: [/[0:0:0:0:0:0:0:1%0]:40504|TurndUp4Wat] -> UpstreamBridge has disconnected
[12:14:19] [Netty Worker IO Thread #0/INFO]: [TurndUp4Wat] disconnected with: Proxy lost connection to server.
[12:14:19] [Netty Worker IO Thread #0/INFO]: [/[0:0:0:0:0:0:0:1%0]:40504|TurndUp4Wat] <-> DownstreamBridge <-> [lobby] has disconnected
[12:15:13] [Netty Worker IO Thread #0/INFO]: [Charles24] disconnected with: Proxy lost connection to server.
[12:15:13] [Netty Worker IO Thread #0/INFO]: [/[0:0:0:0:0:0:0:1%0]:40290|Charles24] <-> DownstreamBridge <-> [lobby] has disconnected
[12:15:13] [Netty Worker IO Thread #0/INFO]: [/[0:0:0:0:0:0:0:1%0]:40290|Charles24] -> UpstreamBridge has disconnected
